[04-Mar-2017 16:09:33 UTC] PHP Warning:  mysql_num_rows() expects parameter 1 to be resource, boolean given in /home/ubuntu/workspace/InorbitMall/user_login.php on line 30
[04-Mar-2017 16:09:33 UTC] PHP Stack trace:
[04-Mar-2017 16:09:33 UTC] PHP   1. {main}() /home/ubuntu/workspace/InorbitMall/user_login.php:0
[04-Mar-2017 16:09:33 UTC] PHP   2. mysql_num_rows() /home/ubuntu/workspace/InorbitMall/user_login.php:30
[04-Mar-2017 16:09:46 UTC] PHP Warning:  mysql_num_rows() expects parameter 1 to be resource, boolean given in /home/ubuntu/workspace/InorbitMall/index.php on line 9
[04-Mar-2017 16:09:46 UTC] PHP Stack trace:
[04-Mar-2017 16:09:46 UTC] PHP   1. {main}() /home/ubuntu/workspace/InorbitMall/index.php:0
[04-Mar-2017 16:09:46 UTC] PHP   2. mysql_num_rows() /home/ubuntu/workspace/InorbitMall/index.php:9
[04-Mar-2017 17:01:13 UTC] PHP Warning:  mysql_connect(): php_network_getaddresses: getaddrinfo failed: Name or service not known in /home/ubuntu/workspace/InorbitMall/storescripts/connect_to_mysql.php on line 10
[04-Mar-2017 17:01:13 UTC] PHP Stack trace:
[04-Mar-2017 17:01:13 UTC] PHP   1. {main}() /home/ubuntu/workspace/InorbitMall/index.php:0
[04-Mar-2017 17:01:13 UTC] PHP   2. include() /home/ubuntu/workspace/InorbitMall/index.php:6
[04-Mar-2017 17:01:13 UTC] PHP   3. mysql_connect() /home/ubuntu/workspace/InorbitMall/storescripts/connect_to_mysql.php:10
[04-Mar-2017 17:01:13 UTC] PHP Warning:  mysql_connect(): php_network_getaddresses: getaddrinfo failed: Name or service not known in /home/ubuntu/workspace/InorbitMall/storescripts/connect_to_mysql.php on line 10
[04-Mar-2017 17:01:13 UTC] PHP Stack trace:
[04-Mar-2017 17:01:13 UTC] PHP   1. {main}() /home/ubuntu/workspace/InorbitMall/index.php:0
[04-Mar-2017 17:01:13 UTC] PHP   2. include() /home/ubuntu/workspace/InorbitMall/index.php:6
[04-Mar-2017 17:01:13 UTC] PHP   3. mysql_connect() /home/ubuntu/workspace/InorbitMall/storescripts/connect_to_mysql.php:10
[04-Mar-2017 17:01:37 UTC] PHP Warning:  mysql_connect(): php_network_getaddresses: getaddrinfo failed: Name or service not known in /home/ubuntu/workspace/InorbitMall/storescripts/connect_to_mysql.php on line 10
[04-Mar-2017 17:01:37 UTC] PHP Stack trace:
[04-Mar-2017 17:01:37 UTC] PHP   1. {main}() /home/ubuntu/workspace/InorbitMall/index.php:0
[04-Mar-2017 17:01:37 UTC] PHP   2. include() /home/ubuntu/workspace/InorbitMall/index.php:6
[04-Mar-2017 17:01:37 UTC] PHP   3. mysql_connect() /home/ubuntu/workspace/InorbitMall/storescripts/connect_to_mysql.php:10
[04-Mar-2017 17:01:37 UTC] PHP Warning:  mysql_connect(): php_network_getaddresses: getaddrinfo failed: Name or service not known in /home/ubuntu/workspace/InorbitMall/storescripts/connect_to_mysql.php on line 10
[04-Mar-2017 17:01:37 UTC] PHP Stack trace:
[04-Mar-2017 17:01:37 UTC] PHP   1. {main}() /home/ubuntu/workspace/InorbitMall/index.php:0
[04-Mar-2017 17:01:37 UTC] PHP   2. include() /home/ubuntu/workspace/InorbitMall/index.php:6
[04-Mar-2017 17:01:37 UTC] PHP   3. mysql_connect() /home/ubuntu/workspace/InorbitMall/storescripts/connect_to_mysql.php:10
[04-Mar-2017 17:01:38 UTC] PHP Warning:  mysql_connect(): php_network_getaddresses: getaddrinfo failed: Name or service not known in /home/ubuntu/workspace/InorbitMall/storescripts/connect_to_mysql.php on line 10
[04-Mar-2017 17:01:38 UTC] PHP Stack trace:
[04-Mar-2017 17:01:38 UTC] PHP   1. {main}() /home/ubuntu/workspace/InorbitMall/index.php:0
[04-Mar-2017 17:01:38 UTC] PHP   2. include() /home/ubuntu/workspace/InorbitMall/index.php:6
[04-Mar-2017 17:01:38 UTC] PHP   3. mysql_connect() /home/ubuntu/workspace/InorbitMall/storescripts/connect_to_mysql.php:10
[04-Mar-2017 17:01:38 UTC] PHP Warning:  mysql_connect(): php_network_getaddresses: getaddrinfo failed: Name or service not known in /home/ubuntu/workspace/InorbitMall/storescripts/connect_to_mysql.php on line 10
[04-Mar-2017 17:01:38 UTC] PHP Stack trace:
[04-Mar-2017 17:01:38 UTC] PHP   1. {main}() /home/ubuntu/workspace/InorbitMall/index.php:0
[04-Mar-2017 17:01:38 UTC] PHP   2. include() /home/ubuntu/workspace/InorbitMall/index.php:6
[04-Mar-2017 17:01:38 UTC] PHP   3. mysql_connect() /home/ubuntu/workspace/InorbitMall/storescripts/connect_to_mysql.php:10
[04-Mar-2017 17:01:40 UTC] PHP Warning:  mysql_connect(): php_network_getaddresses: getaddrinfo failed: Name or service not known in /home/ubuntu/workspace/InorbitMall/storescripts/connect_to_mysql.php on line 10
[04-Mar-2017 17:01:40 UTC] PHP Stack trace:
[04-Mar-2017 17:01:40 UTC] PHP   1. {main}() /home/ubuntu/workspace/InorbitMall/index.php:0
[04-Mar-2017 17:01:40 UTC] PHP   2. include() /home/ubuntu/workspace/InorbitMall/index.php:6
[04-Mar-2017 17:01:40 UTC] PHP   3. mysql_connect() /home/ubuntu/workspace/InorbitMall/storescripts/connect_to_mysql.php:10
[04-Mar-2017 17:01:40 UTC] PHP Warning:  mysql_connect(): php_network_getaddresses: getaddrinfo failed: Name or service not known in /home/ubuntu/workspace/InorbitMall/storescripts/connect_to_mysql.php on line 10
[04-Mar-2017 17:01:40 UTC] PHP Stack trace:
[04-Mar-2017 17:01:40 UTC] PHP   1. {main}() /home/ubuntu/workspace/InorbitMall/index.php:0
[04-Mar-2017 17:01:40 UTC] PHP   2. include() /home/ubuntu/workspace/InorbitMall/index.php:6
[04-Mar-2017 17:01:40 UTC] PHP   3. mysql_connect() /home/ubuntu/workspace/InorbitMall/storescripts/connect_to_mysql.php:10
[04-Mar-2017 17:01:43 UTC] PHP Warning:  mysql_connect(): php_network_getaddresses: getaddrinfo failed: Name or service not known in /home/ubuntu/workspace/InorbitMall/storescripts/connect_to_mysql.php on line 10
[04-Mar-2017 17:01:43 UTC] PHP Stack trace:
[04-Mar-2017 17:01:43 UTC] PHP   1. {main}() /home/ubuntu/workspace/InorbitMall/index.php:0
[04-Mar-2017 17:01:43 UTC] PHP   2. include() /home/ubuntu/workspace/InorbitMall/index.php:6
[04-Mar-2017 17:01:43 UTC] PHP   3. mysql_connect() /home/ubuntu/workspace/InorbitMall/storescripts/connect_to_mysql.php:10
[04-Mar-2017 17:01:43 UTC] PHP Warning:  mysql_connect(): php_network_getaddresses: getaddrinfo failed: Name or service not known in /home/ubuntu/workspace/InorbitMall/storescripts/connect_to_mysql.php on line 10
[04-Mar-2017 17:01:43 UTC] PHP Stack trace:
[04-Mar-2017 17:01:43 UTC] PHP   1. {main}() /home/ubuntu/workspace/InorbitMall/index.php:0
[04-Mar-2017 17:01:43 UTC] PHP   2. include() /home/ubuntu/workspace/InorbitMall/index.php:6
[04-Mar-2017 17:01:43 UTC] PHP   3. mysql_connect() /home/ubuntu/workspace/InorbitMall/storescripts/connect_to_mysql.php:10
[04-Mar-2017 17:07:09 UTC] PHP Warning:  mysql_connect(): php_network_getaddresses: getaddrinfo failed: Name or service not known in /home/ubuntu/workspace/InorbitMall/storescripts/connect_to_mysql.php on line 10
[04-Mar-2017 17:07:09 UTC] PHP Stack trace:
[04-Mar-2017 17:07:09 UTC] PHP   1. {main}() /home/ubuntu/workspace/InorbitMall/index.php:0
[04-Mar-2017 17:07:09 UTC] PHP   2. include() /home/ubuntu/workspace/InorbitMall/index.php:6
[04-Mar-2017 17:07:09 UTC] PHP   3. mysql_connect() /home/ubuntu/workspace/InorbitMall/storescripts/connect_to_mysql.php:10
[04-Mar-2017 17:07:09 UTC] PHP Warning:  mysql_connect(): php_network_getaddresses: getaddrinfo failed: Name or service not known in /home/ubuntu/workspace/InorbitMall/storescripts/connect_to_mysql.php on line 10
[04-Mar-2017 17:07:09 UTC] PHP Stack trace:
[04-Mar-2017 17:07:09 UTC] PHP   1. {main}() /home/ubuntu/workspace/InorbitMall/index.php:0
[04-Mar-2017 17:07:09 UTC] PHP   2. include() /home/ubuntu/workspace/InorbitMall/index.php:6
[04-Mar-2017 17:07:09 UTC] PHP   3. mysql_connect() /home/ubuntu/workspace/InorbitMall/storescripts/connect_to_mysql.php:10
[04-Mar-2017 17:15:20 UTC] PHP Warning:  mysqli::mysqli(): php_network_getaddresses: getaddrinfo failed: Name or service not known in /home/ubuntu/workspace/InorbitMall/storescripts/connect_to_mysql.php on line 11
[04-Mar-2017 17:15:20 UTC] PHP Stack trace:
[04-Mar-2017 17:15:20 UTC] PHP   1. {main}() /home/ubuntu/workspace/InorbitMall/index.php:0
[04-Mar-2017 17:15:20 UTC] PHP   2. include() /home/ubuntu/workspace/InorbitMall/index.php:6
[04-Mar-2017 17:15:20 UTC] PHP   3. mysqli->mysqli() /home/ubuntu/workspace/InorbitMall/storescripts/connect_to_mysql.php:11
[04-Mar-2017 17:15:20 UTC] PHP Warning:  mysqli::mysqli(): (HY000/2002): php_network_getaddresses: getaddrinfo failed: Name or service not known in /home/ubuntu/workspace/InorbitMall/storescripts/connect_to_mysql.php on line 11
[04-Mar-2017 17:15:20 UTC] PHP Stack trace:
[04-Mar-2017 17:15:20 UTC] PHP   1. {main}() /home/ubuntu/workspace/InorbitMall/index.php:0
[04-Mar-2017 17:15:20 UTC] PHP   2. include() /home/ubuntu/workspace/InorbitMall/index.php:6
[04-Mar-2017 17:15:20 UTC] PHP   3. mysqli->mysqli() /home/ubuntu/workspace/InorbitMall/storescripts/connect_to_mysql.php:11
[04-Mar-2017 17:15:20 UTC] PHP Warning:  mysql_query(): Access denied for user ''@'localhost' (using password: NO) in /home/ubuntu/workspace/InorbitMall/index.php on line 8
[04-Mar-2017 17:15:20 UTC] PHP Stack trace:
[04-Mar-2017 17:15:20 UTC] PHP   1. {main}() /home/ubuntu/workspace/InorbitMall/index.php:0
[04-Mar-2017 17:15:20 UTC] PHP   2. mysql_query() /home/ubuntu/workspace/InorbitMall/index.php:8
[04-Mar-2017 17:15:20 UTC] PHP Warning:  mysql_query(): A link to the server could not be established in /home/ubuntu/workspace/InorbitMall/index.php on line 8
[04-Mar-2017 17:15:20 UTC] PHP Stack trace:
[04-Mar-2017 17:15:20 UTC] PHP   1. {main}() /home/ubuntu/workspace/InorbitMall/index.php:0
[04-Mar-2017 17:15:20 UTC] PHP   2. mysql_query() /home/ubuntu/workspace/InorbitMall/index.php:8
[04-Mar-2017 17:15:20 UTC] PHP Warning:  mysql_num_rows() expects parameter 1 to be resource, boolean given in /home/ubuntu/workspace/InorbitMall/index.php on line 9
[04-Mar-2017 17:15:20 UTC] PHP Stack trace:
[04-Mar-2017 17:15:20 UTC] PHP   1. {main}() /home/ubuntu/workspace/InorbitMall/index.php:0
[04-Mar-2017 17:15:20 UTC] PHP   2. mysql_num_rows() /home/ubuntu/workspace/InorbitMall/index.php:9
[04-Mar-2017 17:15:20 UTC] PHP Warning:  mysql_close(): no MySQL-Link resource supplied in /home/ubuntu/workspace/InorbitMall/index.php on line 28
[04-Mar-2017 17:15:20 UTC] PHP Stack trace:
[04-Mar-2017 17:15:20 UTC] PHP   1. {main}() /home/ubuntu/workspace/InorbitMall/index.php:0
[04-Mar-2017 17:15:20 UTC] PHP   2. mysql_close() /home/ubuntu/workspace/InorbitMall/index.php:28
[04-Mar-2017 17:17:15 UTC] PHP Warning:  mysqli::mysqli(): php_network_getaddresses: getaddrinfo failed: Name or service not known in /home/ubuntu/workspace/InorbitMall/storescripts/connect_to_mysql.php on line 11
[04-Mar-2017 17:17:15 UTC] PHP Stack trace:
[04-Mar-2017 17:17:15 UTC] PHP   1. {main}() /home/ubuntu/workspace/InorbitMall/index.php:0
[04-Mar-2017 17:17:15 UTC] PHP   2. include() /home/ubuntu/workspace/InorbitMall/index.php:6
[04-Mar-2017 17:17:15 UTC] PHP   3. mysqli->mysqli() /home/ubuntu/workspace/InorbitMall/storescripts/connect_to_mysql.php:11
[04-Mar-2017 17:17:15 UTC] PHP Warning:  mysqli::mysqli(): (HY000/2002): php_network_getaddresses: getaddrinfo failed: Name or service not known in /home/ubuntu/workspace/InorbitMall/storescripts/connect_to_mysql.php on line 11
[04-Mar-2017 17:17:15 UTC] PHP Stack trace:
[04-Mar-2017 17:17:15 UTC] PHP   1. {main}() /home/ubuntu/workspace/InorbitMall/index.php:0
[04-Mar-2017 17:17:15 UTC] PHP   2. include() /home/ubuntu/workspace/InorbitMall/index.php:6
[04-Mar-2017 17:17:15 UTC] PHP   3. mysqli->mysqli() /home/ubuntu/workspace/InorbitMall/storescripts/connect_to_mysql.php:11
[04-Mar-2017 17:17:15 UTC] PHP Warning:  mysql_query(): Access denied for user ''@'localhost' (using password: NO) in /home/ubuntu/workspace/InorbitMall/index.php on line 8
[04-Mar-2017 17:17:15 UTC] PHP Stack trace:
[04-Mar-2017 17:17:15 UTC] PHP   1. {main}() /home/ubuntu/workspace/InorbitMall/index.php:0
[04-Mar-2017 17:17:15 UTC] PHP   2. mysql_query() /home/ubuntu/workspace/InorbitMall/index.php:8
[04-Mar-2017 17:17:15 UTC] PHP Warning:  mysql_query(): A link to the server could not be established in /home/ubuntu/workspace/InorbitMall/index.php on line 8
[04-Mar-2017 17:17:15 UTC] PHP Stack trace:
[04-Mar-2017 17:17:15 UTC] PHP   1. {main}() /home/ubuntu/workspace/InorbitMall/index.php:0
[04-Mar-2017 17:17:15 UTC] PHP   2. mysql_query() /home/ubuntu/workspace/InorbitMall/index.php:8
[04-Mar-2017 17:17:15 UTC] PHP Warning:  mysql_num_rows() expects parameter 1 to be resource, boolean given in /home/ubuntu/workspace/InorbitMall/index.php on line 9
[04-Mar-2017 17:17:15 UTC] PHP Stack trace:
[04-Mar-2017 17:17:15 UTC] PHP   1. {main}() /home/ubuntu/workspace/InorbitMall/index.php:0
[04-Mar-2017 17:17:15 UTC] PHP   2. mysql_num_rows() /home/ubuntu/workspace/InorbitMall/index.php:9
[04-Mar-2017 17:17:15 UTC] PHP Warning:  mysql_close(): no MySQL-Link resource supplied in /home/ubuntu/workspace/InorbitMall/index.php on line 28
[04-Mar-2017 17:17:15 UTC] PHP Stack trace:
[04-Mar-2017 17:17:15 UTC] PHP   1. {main}() /home/ubuntu/workspace/InorbitMall/index.php:0
[04-Mar-2017 17:17:15 UTC] PHP   2. mysql_close() /home/ubuntu/workspace/InorbitMall/index.php:28
[04-Mar-2017 17:19:47 UTC] PHP Warning:  mysqli_connect(): php_network_getaddresses: getaddrinfo failed: Name or service not known in /home/ubuntu/workspace/InorbitMall/storescripts/connect_to_mysql.php on line 11
[04-Mar-2017 17:19:47 UTC] PHP Stack trace:
[04-Mar-2017 17:19:47 UTC] PHP   1. {main}() /home/ubuntu/workspace/InorbitMall/index.php:0
[04-Mar-2017 17:19:47 UTC] PHP   2. include() /home/ubuntu/workspace/InorbitMall/index.php:6
[04-Mar-2017 17:19:47 UTC] PHP   3. mysqli_connect() /home/ubuntu/workspace/InorbitMall/storescripts/connect_to_mysql.php:11
[04-Mar-2017 17:19:47 UTC] PHP Warning:  mysqli_connect(): (HY000/2002): php_network_getaddresses: getaddrinfo failed: Name or service not known in /home/ubuntu/workspace/InorbitMall/storescripts/connect_to_mysql.php on line 11
[04-Mar-2017 17:19:47 UTC] PHP Stack trace:
[04-Mar-2017 17:19:47 UTC] PHP   1. {main}() /home/ubuntu/workspace/InorbitMall/index.php:0
[04-Mar-2017 17:19:47 UTC] PHP   2. include() /home/ubuntu/workspace/InorbitMall/index.php:6
[04-Mar-2017 17:19:47 UTC] PHP   3. mysqli_connect() /home/ubuntu/workspace/InorbitMall/storescripts/connect_to_mysql.php:11
[04-Mar-2017 17:19:47 UTC] PHP Warning:  mysql_query(): Access denied for user ''@'localhost' (using password: NO) in /home/ubuntu/workspace/InorbitMall/index.php on line 8
[04-Mar-2017 17:19:47 UTC] PHP Stack trace:
[04-Mar-2017 17:19:47 UTC] PHP   1. {main}() /home/ubuntu/workspace/InorbitMall/index.php:0
[04-Mar-2017 17:19:47 UTC] PHP   2. mysql_query() /home/ubuntu/workspace/InorbitMall/index.php:8
[04-Mar-2017 17:19:47 UTC] PHP Warning:  mysql_query(): A link to the server could not be established in /home/ubuntu/workspace/InorbitMall/index.php on line 8
[04-Mar-2017 17:19:47 UTC] PHP Stack trace:
[04-Mar-2017 17:19:47 UTC] PHP   1. {main}() /home/ubuntu/workspace/InorbitMall/index.php:0
[04-Mar-2017 17:19:47 UTC] PHP   2. mysql_query() /home/ubuntu/workspace/InorbitMall/index.php:8
[04-Mar-2017 17:19:47 UTC] PHP Warning:  mysql_num_rows() expects parameter 1 to be resource, boolean given in /home/ubuntu/workspace/InorbitMall/index.php on line 9
[04-Mar-2017 17:19:47 UTC] PHP Stack trace:
[04-Mar-2017 17:19:47 UTC] PHP   1. {main}() /home/ubuntu/workspace/InorbitMall/index.php:0
[04-Mar-2017 17:19:47 UTC] PHP   2. mysql_num_rows() /home/ubuntu/workspace/InorbitMall/index.php:9
[04-Mar-2017 17:19:47 UTC] PHP Warning:  mysql_close(): no MySQL-Link resource supplied in /home/ubuntu/workspace/InorbitMall/index.php on line 28
[04-Mar-2017 17:19:47 UTC] PHP Stack trace:
[04-Mar-2017 17:19:47 UTC] PHP   1. {main}() /home/ubuntu/workspace/InorbitMall/index.php:0
[04-Mar-2017 17:19:47 UTC] PHP   2. mysql_close() /home/ubuntu/workspace/InorbitMall/index.php:28
[04-Mar-2017 17:19:55 UTC] PHP Warning:  mysqli_connect(): php_network_getaddresses: getaddrinfo failed: Name or service not known in /home/ubuntu/workspace/InorbitMall/storescripts/connect_to_mysql.php on line 11
[04-Mar-2017 17:19:55 UTC] PHP Stack trace:
[04-Mar-2017 17:19:55 UTC] PHP   1. {main}() /home/ubuntu/workspace/InorbitMall/index.php:0
[04-Mar-2017 17:19:55 UTC] PHP   2. include() /home/ubuntu/workspace/InorbitMall/index.php:6
[04-Mar-2017 17:19:55 UTC] PHP   3. mysqli_connect() /home/ubuntu/workspace/InorbitMall/storescripts/connect_to_mysql.php:11
[04-Mar-2017 17:19:55 UTC] PHP Warning:  mysqli_connect(): (HY000/2002): php_network_getaddresses: getaddrinfo failed: Name or service not known in /home/ubuntu/workspace/InorbitMall/storescripts/connect_to_mysql.php on line 11
[04-Mar-2017 17:19:55 UTC] PHP Stack trace:
[04-Mar-2017 17:19:55 UTC] PHP   1. {main}() /home/ubuntu/workspace/InorbitMall/index.php:0
[04-Mar-2017 17:19:55 UTC] PHP   2. include() /home/ubuntu/workspace/InorbitMall/index.php:6
[04-Mar-2017 17:19:55 UTC] PHP   3. mysqli_connect() /home/ubuntu/workspace/InorbitMall/storescripts/connect_to_mysql.php:11
[04-Mar-2017 17:19:55 UTC] PHP Warning:  mysql_query(): Access denied for user ''@'localhost' (using password: NO) in /home/ubuntu/workspace/InorbitMall/index.php on line 8
[04-Mar-2017 17:19:55 UTC] PHP Stack trace:
[04-Mar-2017 17:19:55 UTC] PHP   1. {main}() /home/ubuntu/workspace/InorbitMall/index.php:0
[04-Mar-2017 17:19:55 UTC] PHP   2. mysql_query() /home/ubuntu/workspace/InorbitMall/index.php:8
[04-Mar-2017 17:19:55 UTC] PHP Warning:  mysql_query(): A link to the server could not be established in /home/ubuntu/workspace/InorbitMall/index.php on line 8
[04-Mar-2017 17:19:55 UTC] PHP Stack trace:
[04-Mar-2017 17:19:55 UTC] PHP   1. {main}() /home/ubuntu/workspace/InorbitMall/index.php:0
[04-Mar-2017 17:19:55 UTC] PHP   2. mysql_query() /home/ubuntu/workspace/InorbitMall/index.php:8
[04-Mar-2017 17:19:55 UTC] PHP Warning:  mysql_num_rows() expects parameter 1 to be resource, boolean given in /home/ubuntu/workspace/InorbitMall/index.php on line 9
[04-Mar-2017 17:19:55 UTC] PHP Stack trace:
[04-Mar-2017 17:19:55 UTC] PHP   1. {main}() /home/ubuntu/workspace/InorbitMall/index.php:0
[04-Mar-2017 17:19:55 UTC] PHP   2. mysql_num_rows() /home/ubuntu/workspace/InorbitMall/index.php:9
[04-Mar-2017 17:19:55 UTC] PHP Warning:  mysql_close(): no MySQL-Link resource supplied in /home/ubuntu/workspace/InorbitMall/index.php on line 28
[04-Mar-2017 17:19:55 UTC] PHP Stack trace:
[04-Mar-2017 17:19:55 UTC] PHP   1. {main}() /home/ubuntu/workspace/InorbitMall/index.php:0
[04-Mar-2017 17:19:55 UTC] PHP   2. mysql_close() /home/ubuntu/workspace/InorbitMall/index.php:28
[04-Mar-2017 17:24:00 UTC] PHP Warning:  mysql_connect(): php_network_getaddresses: getaddrinfo failed: Name or service not known in /home/ubuntu/workspace/InorbitMall/storescripts/connect_to_mysql.php on line 20
[04-Mar-2017 17:24:00 UTC] PHP Stack trace:
[04-Mar-2017 17:24:00 UTC] PHP   1. {main}() /home/ubuntu/workspace/InorbitMall/index.php:0
[04-Mar-2017 17:24:00 UTC] PHP   2. include() /home/ubuntu/workspace/InorbitMall/index.php:6
[04-Mar-2017 17:24:00 UTC] PHP   3. mysql_connect() /home/ubuntu/workspace/InorbitMall/storescripts/connect_to_mysql.php:20
[04-Mar-2017 17:24:00 UTC] PHP Warning:  mysql_connect(): php_network_getaddresses: getaddrinfo failed: Name or service not known in /home/ubuntu/workspace/InorbitMall/storescripts/connect_to_mysql.php on line 20
[04-Mar-2017 17:24:00 UTC] PHP Stack trace:
[04-Mar-2017 17:24:00 UTC] PHP   1. {main}() /home/ubuntu/workspace/InorbitMall/index.php:0
[04-Mar-2017 17:24:00 UTC] PHP   2. include() /home/ubuntu/workspace/InorbitMall/index.php:6
[04-Mar-2017 17:24:00 UTC] PHP   3. mysql_connect() /home/ubuntu/workspace/InorbitMall/storescripts/connect_to_mysql.php:20
[04-Mar-2017 17:28:41 UTC] PHP Warning:  mysql_connect(): php_network_getaddresses: getaddrinfo failed: Name or service not known in /home/ubuntu/workspace/InorbitMall/storescripts/connect_to_mysql.php on line 12
[04-Mar-2017 17:28:41 UTC] PHP Stack trace:
[04-Mar-2017 17:28:41 UTC] PHP   1. {main}() /home/ubuntu/workspace/InorbitMall/index.php:0
[04-Mar-2017 17:28:41 UTC] PHP   2. include() /home/ubuntu/workspace/InorbitMall/index.php:6
[04-Mar-2017 17:28:41 UTC] PHP   3. mysql_connect() /home/ubuntu/workspace/InorbitMall/storescripts/connect_to_mysql.php:12
[04-Mar-2017 17:28:41 UTC] PHP Warning:  mysql_connect(): php_network_getaddresses: getaddrinfo failed: Name or service not known in /home/ubuntu/workspace/InorbitMall/storescripts/connect_to_mysql.php on line 12
[04-Mar-2017 17:28:41 UTC] PHP Stack trace:
[04-Mar-2017 17:28:41 UTC] PHP   1. {main}() /home/ubuntu/workspace/InorbitMall/index.php:0
[04-Mar-2017 17:28:41 UTC] PHP   2. include() /home/ubuntu/workspace/InorbitMall/index.php:6
[04-Mar-2017 17:28:41 UTC] PHP   3. mysql_connect() /home/ubuntu/workspace/InorbitMall/storescripts/connect_to_mysql.php:12
[04-Mar-2017 17:29:45 UTC] PHP Warning:  mysql_connect(): php_network_getaddresses: getaddrinfo failed: Name or service not known in /home/ubuntu/workspace/InorbitMall/storescripts/connect_to_mysql.php on line 12
[04-Mar-2017 17:29:45 UTC] PHP Stack trace:
[04-Mar-2017 17:29:45 UTC] PHP   1. {main}() /home/ubuntu/workspace/InorbitMall/index.php:0
[04-Mar-2017 17:29:45 UTC] PHP   2. include() /home/ubuntu/workspace/InorbitMall/index.php:6
[04-Mar-2017 17:29:45 UTC] PHP   3. mysql_connect() /home/ubuntu/workspace/InorbitMall/storescripts/connect_to_mysql.php:12
[04-Mar-2017 17:29:45 UTC] PHP Warning:  mysql_connect(): php_network_getaddresses: getaddrinfo failed: Name or service not known in /home/ubuntu/workspace/InorbitMall/storescripts/connect_to_mysql.php on line 12
[04-Mar-2017 17:29:45 UTC] PHP Stack trace:
[04-Mar-2017 17:29:45 UTC] PHP   1. {main}() /home/ubuntu/workspace/InorbitMall/index.php:0
[04-Mar-2017 17:29:45 UTC] PHP   2. include() /home/ubuntu/workspace/InorbitMall/index.php:6
[04-Mar-2017 17:29:45 UTC] PHP   3. mysql_connect() /home/ubuntu/workspace/InorbitMall/storescripts/connect_to_mysql.php:12
[04-Mar-2017 17:34:02 UTC] PHP Warning:  mysql_connect(): php_network_getaddresses: getaddrinfo failed: Name or service not known in /home/ubuntu/workspace/InorbitMall/storescripts/connect_to_mysql.php on line 10
[04-Mar-2017 17:34:02 UTC] PHP Stack trace:
[04-Mar-2017 17:34:02 UTC] PHP   1. {main}() /home/ubuntu/workspace/InorbitMall/index.php:0
[04-Mar-2017 17:34:02 UTC] PHP   2. include() /home/ubuntu/workspace/InorbitMall/index.php:6
[04-Mar-2017 17:34:02 UTC] PHP   3. mysql_connect() /home/ubuntu/workspace/InorbitMall/storescripts/connect_to_mysql.php:10
[04-Mar-2017 17:34:02 UTC] PHP Warning:  mysql_connect(): php_network_getaddresses: getaddrinfo failed: Name or service not known in /home/ubuntu/workspace/InorbitMall/storescripts/connect_to_mysql.php on line 10
[04-Mar-2017 17:34:02 UTC] PHP Stack trace:
[04-Mar-2017 17:34:02 UTC] PHP   1. {main}() /home/ubuntu/workspace/InorbitMall/index.php:0
[04-Mar-2017 17:34:02 UTC] PHP   2. include() /home/ubuntu/workspace/InorbitMall/index.php:6
[04-Mar-2017 17:34:02 UTC] PHP   3. mysql_connect() /home/ubuntu/workspace/InorbitMall/storescripts/connect_to_mysql.php:10
[04-Mar-2017 17:34:25 UTC] PHP Warning:  mysql_connect(): php_network_getaddresses: getaddrinfo failed: Name or service not known in /home/ubuntu/workspace/InorbitMall/storescripts/connect_to_mysql.php on line 10
[04-Mar-2017 17:34:25 UTC] PHP Stack trace:
[04-Mar-2017 17:34:25 UTC] PHP   1. {main}() /home/ubuntu/workspace/InorbitMall/index.php:0
[04-Mar-2017 17:34:25 UTC] PHP   2. include() /home/ubuntu/workspace/InorbitMall/index.php:6
[04-Mar-2017 17:34:25 UTC] PHP   3. mysql_connect() /home/ubuntu/workspace/InorbitMall/storescripts/connect_to_mysql.php:10
[04-Mar-2017 17:34:25 UTC] PHP Warning:  mysql_connect(): php_network_getaddresses: getaddrinfo failed: Name or service not known in /home/ubuntu/workspace/InorbitMall/storescripts/connect_to_mysql.php on line 10
[04-Mar-2017 17:34:25 UTC] PHP Stack trace:
[04-Mar-2017 17:34:25 UTC] PHP   1. {main}() /home/ubuntu/workspace/InorbitMall/index.php:0
[04-Mar-2017 17:34:25 UTC] PHP   2. include() /home/ubuntu/workspace/InorbitMall/index.php:6
[04-Mar-2017 17:34:25 UTC] PHP   3. mysql_connect() /home/ubuntu/workspace/InorbitMall/storescripts/connect_to_mysql.php:10
[04-Mar-2017 17:38:44 UTC] PHP Warning:  mysql_query(): Access denied for user ''@'localhost' (using password: NO) in /home/ubuntu/workspace/InorbitMall/index.php on line 8
[04-Mar-2017 17:38:44 UTC] PHP Stack trace:
[04-Mar-2017 17:38:44 UTC] PHP   1. {main}() /home/ubuntu/workspace/InorbitMall/index.php:0
[04-Mar-2017 17:38:44 UTC] PHP   2. mysql_query() /home/ubuntu/workspace/InorbitMall/index.php:8
[04-Mar-2017 17:38:44 UTC] PHP Warning:  mysql_query(): A link to the server could not be established in /home/ubuntu/workspace/InorbitMall/index.php on line 8
[04-Mar-2017 17:38:44 UTC] PHP Stack trace:
[04-Mar-2017 17:38:44 UTC] PHP   1. {main}() /home/ubuntu/workspace/InorbitMall/index.php:0
[04-Mar-2017 17:38:44 UTC] PHP   2. mysql_query() /home/ubuntu/workspace/InorbitMall/index.php:8
[04-Mar-2017 17:38:44 UTC] PHP Warning:  mysql_num_rows() expects parameter 1 to be resource, boolean given in /home/ubuntu/workspace/InorbitMall/index.php on line 9
[04-Mar-2017 17:38:44 UTC] PHP Stack trace:
[04-Mar-2017 17:38:44 UTC] PHP   1. {main}() /home/ubuntu/workspace/InorbitMall/index.php:0
[04-Mar-2017 17:38:44 UTC] PHP   2. mysql_num_rows() /home/ubuntu/workspace/InorbitMall/index.php:9
[04-Mar-2017 17:38:44 UTC] PHP Warning:  mysql_close(): no MySQL-Link resource supplied in /home/ubuntu/workspace/InorbitMall/index.php on line 28
[04-Mar-2017 17:38:44 UTC] PHP Stack trace:
[04-Mar-2017 17:38:44 UTC] PHP   1. {main}() /home/ubuntu/workspace/InorbitMall/index.php:0
[04-Mar-2017 17:38:44 UTC] PHP   2. mysql_close() /home/ubuntu/workspace/InorbitMall/index.php:28
[04-Mar-2017 17:40:25 UTC] PHP Warning:  mysql_query(): Access denied for user ''@'localhost' (using password: NO) in /home/ubuntu/workspace/InorbitMall/index.php on line 8
[04-Mar-2017 17:40:25 UTC] PHP Stack trace:
[04-Mar-2017 17:40:25 UTC] PHP   1. {main}() /home/ubuntu/workspace/InorbitMall/index.php:0
[04-Mar-2017 17:40:25 UTC] PHP   2. mysql_query() /home/ubuntu/workspace/InorbitMall/index.php:8
[04-Mar-2017 17:40:25 UTC] PHP Warning:  mysql_query(): A link to the server could not be established in /home/ubuntu/workspace/InorbitMall/index.php on line 8
[04-Mar-2017 17:40:25 UTC] PHP Stack trace:
[04-Mar-2017 17:40:25 UTC] PHP   1. {main}() /home/ubuntu/workspace/InorbitMall/index.php:0
[04-Mar-2017 17:40:25 UTC] PHP   2. mysql_query() /home/ubuntu/workspace/InorbitMall/index.php:8
[04-Mar-2017 17:40:25 UTC] PHP Warning:  mysql_num_rows() expects parameter 1 to be resource, boolean given in /home/ubuntu/workspace/InorbitMall/index.php on line 9
[04-Mar-2017 17:40:25 UTC] PHP Stack trace:
[04-Mar-2017 17:40:25 UTC] PHP   1. {main}() /home/ubuntu/workspace/InorbitMall/index.php:0
[04-Mar-2017 17:40:25 UTC] PHP   2. mysql_num_rows() /home/ubuntu/workspace/InorbitMall/index.php:9
[04-Mar-2017 17:40:25 UTC] PHP Warning:  mysql_close(): no MySQL-Link resource supplied in /home/ubuntu/workspace/InorbitMall/index.php on line 28
[04-Mar-2017 17:40:25 UTC] PHP Stack trace:
[04-Mar-2017 17:40:25 UTC] PHP   1. {main}() /home/ubuntu/workspace/InorbitMall/index.php:0
[04-Mar-2017 17:40:25 UTC] PHP   2. mysql_close() /home/ubuntu/workspace/InorbitMall/index.php:28
[04-Mar-2017 18:02:44 UTC] PHP Warning:  mysql_connect(): php_network_getaddresses: getaddrinfo failed: Name or service not known in /home/ubuntu/workspace/InorbitMall/storescripts/connect_to_mysql.php on line 10
[04-Mar-2017 18:02:44 UTC] PHP Stack trace:
[04-Mar-2017 18:02:44 UTC] PHP   1. {main}() /home/ubuntu/workspace/InorbitMall/index.php:0
[04-Mar-2017 18:02:44 UTC] PHP   2. include() /home/ubuntu/workspace/InorbitMall/index.php:6
[04-Mar-2017 18:02:44 UTC] PHP   3. mysql_connect() /home/ubuntu/workspace/InorbitMall/storescripts/connect_to_mysql.php:10
[04-Mar-2017 18:02:44 UTC] PHP Warning:  mysql_connect(): php_network_getaddresses: getaddrinfo failed: Name or service not known in /home/ubuntu/workspace/InorbitMall/storescripts/connect_to_mysql.php on line 10
[04-Mar-2017 18:02:44 UTC] PHP Stack trace:
[04-Mar-2017 18:02:44 UTC] PHP   1. {main}() /home/ubuntu/workspace/InorbitMall/index.php:0
[04-Mar-2017 18:02:44 UTC] PHP   2. include() /home/ubuntu/workspace/InorbitMall/index.php:6
[04-Mar-2017 18:02:44 UTC] PHP   3. mysql_connect() /home/ubuntu/workspace/InorbitMall/storescripts/connect_to_mysql.php:10
[04-Mar-2017 18:03:22 UTC] PHP Warning:  mysql_connect(): php_network_getaddresses: getaddrinfo failed: Name or service not known in /home/ubuntu/workspace/InorbitMall/storescripts/connect_to_mysql.php on line 10
[04-Mar-2017 18:03:22 UTC] PHP Stack trace:
[04-Mar-2017 18:03:22 UTC] PHP   1. {main}() /home/ubuntu/workspace/InorbitMall/index.php:0
[04-Mar-2017 18:03:22 UTC] PHP   2. include() /home/ubuntu/workspace/InorbitMall/index.php:6
[04-Mar-2017 18:03:22 UTC] PHP   3. mysql_connect() /home/ubuntu/workspace/InorbitMall/storescripts/connect_to_mysql.php:10
[04-Mar-2017 18:03:22 UTC] PHP Warning:  mysql_connect(): php_network_getaddresses: getaddrinfo failed: Name or service not known in /home/ubuntu/workspace/InorbitMall/storescripts/connect_to_mysql.php on line 10
[04-Mar-2017 18:03:22 UTC] PHP Stack trace:
[04-Mar-2017 18:03:22 UTC] PHP   1. {main}() /home/ubuntu/workspace/InorbitMall/index.php:0
[04-Mar-2017 18:03:22 UTC] PHP   2. include() /home/ubuntu/workspace/InorbitMall/index.php:6
[04-Mar-2017 18:03:22 UTC] PHP   3. mysql_connect() /home/ubuntu/workspace/InorbitMall/storescripts/connect_to_mysql.php:10
[04-Mar-2017 18:04:18 UTC] PHP Warning:  mysql_connect(): php_network_getaddresses: getaddrinfo failed: Name or service not known in /home/ubuntu/workspace/InorbitMall/storescripts/connect_to_mysql.php on line 10
[04-Mar-2017 18:04:18 UTC] PHP Stack trace:
[04-Mar-2017 18:04:18 UTC] PHP   1. {main}() /home/ubuntu/workspace/InorbitMall/index.php:0
[04-Mar-2017 18:04:18 UTC] PHP   2. include() /home/ubuntu/workspace/InorbitMall/index.php:6
[04-Mar-2017 18:04:18 UTC] PHP   3. mysql_connect() /home/ubuntu/workspace/InorbitMall/storescripts/connect_to_mysql.php:10
[04-Mar-2017 18:04:18 UTC] PHP Warning:  mysql_connect(): php_network_getaddresses: getaddrinfo failed: Name or service not known in /home/ubuntu/workspace/InorbitMall/storescripts/connect_to_mysql.php on line 10
[04-Mar-2017 18:04:18 UTC] PHP Stack trace:
[04-Mar-2017 18:04:18 UTC] PHP   1. {main}() /home/ubuntu/workspace/InorbitMall/index.php:0
[04-Mar-2017 18:04:18 UTC] PHP   2. include() /home/ubuntu/workspace/InorbitMall/index.php:6
[04-Mar-2017 18:04:18 UTC] PHP   3. mysql_connect() /home/ubuntu/workspace/InorbitMall/storescripts/connect_to_mysql.php:10
[04-Mar-2017 18:06:43 UTC] PHP Warning:  mysql_connect(): php_network_getaddresses: getaddrinfo failed: Name or service not known in /home/ubuntu/workspace/InorbitMall/storescripts/connect_to_mysql.php on line 10
[04-Mar-2017 18:06:43 UTC] PHP Stack trace:
[04-Mar-2017 18:06:43 UTC] PHP   1. {main}() /home/ubuntu/workspace/InorbitMall/index.php:0
[04-Mar-2017 18:06:43 UTC] PHP   2. include() /home/ubuntu/workspace/InorbitMall/index.php:6
[04-Mar-2017 18:06:43 UTC] PHP   3. mysql_connect() /home/ubuntu/workspace/InorbitMall/storescripts/connect_to_mysql.php:10
[04-Mar-2017 18:06:43 UTC] PHP Warning:  mysql_connect(): php_network_getaddresses: getaddrinfo failed: Name or service not known in /home/ubuntu/workspace/InorbitMall/storescripts/connect_to_mysql.php on line 10
[04-Mar-2017 18:06:43 UTC] PHP Stack trace:
[04-Mar-2017 18:06:43 UTC] PHP   1. {main}() /home/ubuntu/workspace/InorbitMall/index.php:0
[04-Mar-2017 18:06:43 UTC] PHP   2. include() /home/ubuntu/workspace/InorbitMall/index.php:6
[04-Mar-2017 18:06:43 UTC] PHP   3. mysql_connect() /home/ubuntu/workspace/InorbitMall/storescripts/connect_to_mysql.php:10
[04-Mar-2017 18:06:46 UTC] PHP Warning:  mysql_connect(): php_network_getaddresses: getaddrinfo failed: Name or service not known in /home/ubuntu/workspace/InorbitMall/storescripts/connect_to_mysql.php on line 10
[04-Mar-2017 18:06:46 UTC] PHP Stack trace:
[04-Mar-2017 18:06:46 UTC] PHP   1. {main}() /home/ubuntu/workspace/InorbitMall/index.php:0
[04-Mar-2017 18:06:46 UTC] PHP   2. include() /home/ubuntu/workspace/InorbitMall/index.php:6
[04-Mar-2017 18:06:46 UTC] PHP   3. mysql_connect() /home/ubuntu/workspace/InorbitMall/storescripts/connect_to_mysql.php:10
[04-Mar-2017 18:06:46 UTC] PHP Warning:  mysql_connect(): php_network_getaddresses: getaddrinfo failed: Name or service not known in /home/ubuntu/workspace/InorbitMall/storescripts/connect_to_mysql.php on line 10
[04-Mar-2017 18:06:46 UTC] PHP Stack trace:
[04-Mar-2017 18:06:46 UTC] PHP   1. {main}() /home/ubuntu/workspace/InorbitMall/index.php:0
[04-Mar-2017 18:06:46 UTC] PHP   2. include() /home/ubuntu/workspace/InorbitMall/index.php:6
[04-Mar-2017 18:06:46 UTC] PHP   3. mysql_connect() /home/ubuntu/workspace/InorbitMall/storescripts/connect_to_mysql.php:10
[04-Mar-2017 18:07:08 UTC] PHP Warning:  mysql_connect(): php_network_getaddresses: getaddrinfo failed: Name or service not known in /home/ubuntu/workspace/InorbitMall/storescripts/connect_to_mysql.php on line 10
[04-Mar-2017 18:07:08 UTC] PHP Stack trace:
[04-Mar-2017 18:07:08 UTC] PHP   1. {main}() /home/ubuntu/workspace/InorbitMall/index.php:0
[04-Mar-2017 18:07:08 UTC] PHP   2. include() /home/ubuntu/workspace/InorbitMall/index.php:6
[04-Mar-2017 18:07:08 UTC] PHP   3. mysql_connect() /home/ubuntu/workspace/InorbitMall/storescripts/connect_to_mysql.php:10
[04-Mar-2017 18:07:08 UTC] PHP Warning:  mysql_connect(): php_network_getaddresses: getaddrinfo failed: Name or service not known in /home/ubuntu/workspace/InorbitMall/storescripts/connect_to_mysql.php on line 10
[04-Mar-2017 18:07:08 UTC] PHP Stack trace:
[04-Mar-2017 18:07:08 UTC] PHP   1. {main}() /home/ubuntu/workspace/InorbitMall/index.php:0
[04-Mar-2017 18:07:08 UTC] PHP   2. include() /home/ubuntu/workspace/InorbitMall/index.php:6
[04-Mar-2017 18:07:08 UTC] PHP   3. mysql_connect() /home/ubuntu/workspace/InorbitMall/storescripts/connect_to_mysql.php:10
[04-Mar-2017 18:07:17 UTC] PHP Warning:  mysql_connect(): php_network_getaddresses: getaddrinfo failed: Name or service not known in /home/ubuntu/workspace/InorbitMall/storescripts/connect_to_mysql.php on line 10
[04-Mar-2017 18:07:17 UTC] PHP Stack trace:
[04-Mar-2017 18:07:17 UTC] PHP   1. {main}() /home/ubuntu/workspace/InorbitMall/index.php:0
[04-Mar-2017 18:07:17 UTC] PHP   2. include() /home/ubuntu/workspace/InorbitMall/index.php:6
[04-Mar-2017 18:07:17 UTC] PHP   3. mysql_connect() /home/ubuntu/workspace/InorbitMall/storescripts/connect_to_mysql.php:10
[04-Mar-2017 18:07:17 UTC] PHP Warning:  mysql_connect(): php_network_getaddresses: getaddrinfo failed: Name or service not known in /home/ubuntu/workspace/InorbitMall/storescripts/connect_to_mysql.php on line 10
[04-Mar-2017 18:07:17 UTC] PHP Stack trace:
[04-Mar-2017 18:07:17 UTC] PHP   1. {main}() /home/ubuntu/workspace/InorbitMall/index.php:0
[04-Mar-2017 18:07:17 UTC] PHP   2. include() /home/ubuntu/workspace/InorbitMall/index.php:6
[04-Mar-2017 18:07:17 UTC] PHP   3. mysql_connect() /home/ubuntu/workspace/InorbitMall/storescripts/connect_to_mysql.php:10
[04-Mar-2017 18:07:53 UTC] PHP Warning:  mysql_connect(): php_network_getaddresses: getaddrinfo failed: Name or service not known in /home/ubuntu/workspace/InorbitMall/storescripts/connect_to_mysql.php on line 10
[04-Mar-2017 18:07:53 UTC] PHP Stack trace:
[04-Mar-2017 18:07:53 UTC] PHP   1. {main}() /home/ubuntu/workspace/InorbitMall/index.php:0
[04-Mar-2017 18:07:53 UTC] PHP   2. include() /home/ubuntu/workspace/InorbitMall/index.php:6
[04-Mar-2017 18:07:53 UTC] PHP   3. mysql_connect() /home/ubuntu/workspace/InorbitMall/storescripts/connect_to_mysql.php:10
[04-Mar-2017 18:07:53 UTC] PHP Warning:  mysql_connect(): php_network_getaddresses: getaddrinfo failed: Name or service not known in /home/ubuntu/workspace/InorbitMall/storescripts/connect_to_mysql.php on line 10
[04-Mar-2017 18:07:53 UTC] PHP Stack trace:
[04-Mar-2017 18:07:53 UTC] PHP   1. {main}() /home/ubuntu/workspace/InorbitMall/index.php:0
[04-Mar-2017 18:07:53 UTC] PHP   2. include() /home/ubuntu/workspace/InorbitMall/index.php:6
[04-Mar-2017 18:07:53 UTC] PHP   3. mysql_connect() /home/ubuntu/workspace/InorbitMall/storescripts/connect_to_mysql.php:10
[04-Mar-2017 18:09:58 UTC] PHP Warning:  mysqli_connect(): php_network_getaddresses: getaddrinfo failed: Name or service not known in /home/ubuntu/workspace/InorbitMall/storescripts/connect_to_mysql.php on line 14
[04-Mar-2017 18:09:58 UTC] PHP Stack trace:
[04-Mar-2017 18:09:58 UTC] PHP   1. {main}() /home/ubuntu/workspace/InorbitMall/index.php:0
[04-Mar-2017 18:09:58 UTC] PHP   2. include() /home/ubuntu/workspace/InorbitMall/index.php:6
[04-Mar-2017 18:09:58 UTC] PHP   3. mysqli_connect() /home/ubuntu/workspace/InorbitMall/storescripts/connect_to_mysql.php:14
[04-Mar-2017 18:09:58 UTC] PHP Warning:  mysqli_connect(): (HY000/2002): php_network_getaddresses: getaddrinfo failed: Name or service not known in /home/ubuntu/workspace/InorbitMall/storescripts/connect_to_mysql.php on line 14
[04-Mar-2017 18:09:58 UTC] PHP Stack trace:
[04-Mar-2017 18:09:58 UTC] PHP   1. {main}() /home/ubuntu/workspace/InorbitMall/index.php:0
[04-Mar-2017 18:09:58 UTC] PHP   2. include() /home/ubuntu/workspace/InorbitMall/index.php:6
[04-Mar-2017 18:09:58 UTC] PHP   3. mysqli_connect() /home/ubuntu/workspace/InorbitMall/storescripts/connect_to_mysql.php:14
[04-Mar-2017 18:10:51 UTC] PHP Warning:  mysqli_connect(): php_network_getaddresses: getaddrinfo failed: Name or service not known in /home/ubuntu/workspace/InorbitMall/storescripts/connect_to_mysql.php on line 14
[04-Mar-2017 18:10:51 UTC] PHP Stack trace:
[04-Mar-2017 18:10:51 UTC] PHP   1. {main}() /home/ubuntu/workspace/InorbitMall/index.php:0
[04-Mar-2017 18:10:51 UTC] PHP   2. include() /home/ubuntu/workspace/InorbitMall/index.php:6
[04-Mar-2017 18:10:51 UTC] PHP   3. mysqli_connect() /home/ubuntu/workspace/InorbitMall/storescripts/connect_to_mysql.php:14
[04-Mar-2017 18:10:51 UTC] PHP Warning:  mysqli_connect(): (HY000/2002): php_network_getaddresses: getaddrinfo failed: Name or service not known in /home/ubuntu/workspace/InorbitMall/storescripts/connect_to_mysql.php on line 14
[04-Mar-2017 18:10:51 UTC] PHP Stack trace:
[04-Mar-2017 18:10:51 UTC] PHP   1. {main}() /home/ubuntu/workspace/InorbitMall/index.php:0
[04-Mar-2017 18:10:51 UTC] PHP   2. include() /home/ubuntu/workspace/InorbitMall/index.php:6
[04-Mar-2017 18:10:51 UTC] PHP   3. mysqli_connect() /home/ubuntu/workspace/InorbitMall/storescripts/connect_to_mysql.php:14
[04-Mar-2017 18:12:12 UTC] PHP Warning:  mysql_connect(): php_network_getaddresses: getaddrinfo failed: Name or service not known in /home/ubuntu/workspace/InorbitMall/storescripts/connect_to_mysql.php on line 10
[04-Mar-2017 18:12:12 UTC] PHP Stack trace:
[04-Mar-2017 18:12:12 UTC] PHP   1. {main}() /home/ubuntu/workspace/InorbitMall/index.php:0
[04-Mar-2017 18:12:12 UTC] PHP   2. include() /home/ubuntu/workspace/InorbitMall/index.php:6
[04-Mar-2017 18:12:12 UTC] PHP   3. mysql_connect() /home/ubuntu/workspace/InorbitMall/storescripts/connect_to_mysql.php:10
[04-Mar-2017 18:12:12 UTC] PHP Warning:  mysql_connect(): php_network_getaddresses: getaddrinfo failed: Name or service not known in /home/ubuntu/workspace/InorbitMall/storescripts/connect_to_mysql.php on line 10
[04-Mar-2017 18:12:12 UTC] PHP Stack trace:
[04-Mar-2017 18:12:12 UTC] PHP   1. {main}() /home/ubuntu/workspace/InorbitMall/index.php:0
[04-Mar-2017 18:12:12 UTC] PHP   2. include() /home/ubuntu/workspace/InorbitMall/index.php:6
[04-Mar-2017 18:12:12 UTC] PHP   3. mysql_connect() /home/ubuntu/workspace/InorbitMall/storescripts/connect_to_mysql.php:10
[04-Mar-2017 18:13:18 UTC] PHP Warning:  mysqli_connect(): php_network_getaddresses: getaddrinfo failed: Name or service not known in /home/ubuntu/workspace/InorbitMall/storescripts/connect_to_mysql.php on line 14
[04-Mar-2017 18:13:18 UTC] PHP Stack trace:
[04-Mar-2017 18:13:18 UTC] PHP   1. {main}() /home/ubuntu/workspace/InorbitMall/index.php:0
[04-Mar-2017 18:13:18 UTC] PHP   2. include() /home/ubuntu/workspace/InorbitMall/index.php:6
[04-Mar-2017 18:13:18 UTC] PHP   3. mysqli_connect() /home/ubuntu/workspace/InorbitMall/storescripts/connect_to_mysql.php:14
[04-Mar-2017 18:13:18 UTC] PHP Warning:  mysqli_connect(): (HY000/2002): php_network_getaddresses: getaddrinfo failed: Name or service not known in /home/ubuntu/workspace/InorbitMall/storescripts/connect_to_mysql.php on line 14
[04-Mar-2017 18:13:18 UTC] PHP Stack trace:
[04-Mar-2017 18:13:18 UTC] PHP   1. {main}() /home/ubuntu/workspace/InorbitMall/index.php:0
[04-Mar-2017 18:13:18 UTC] PHP   2. include() /home/ubuntu/workspace/InorbitMall/index.php:6
[04-Mar-2017 18:13:18 UTC] PHP   3. mysqli_connect() /home/ubuntu/workspace/InorbitMall/storescripts/connect_to_mysql.php:14
[04-Mar-2017 18:13:22 UTC] PHP Warning:  mysqli_connect(): php_network_getaddresses: getaddrinfo failed: Name or service not known in /home/ubuntu/workspace/InorbitMall/storescripts/connect_to_mysql.php on line 14
[04-Mar-2017 18:13:22 UTC] PHP Stack trace:
[04-Mar-2017 18:13:22 UTC] PHP   1. {main}() /home/ubuntu/workspace/InorbitMall/index.php:0
[04-Mar-2017 18:13:22 UTC] PHP   2. include() /home/ubuntu/workspace/InorbitMall/index.php:6
[04-Mar-2017 18:13:22 UTC] PHP   3. mysqli_connect() /home/ubuntu/workspace/InorbitMall/storescripts/connect_to_mysql.php:14
[04-Mar-2017 18:13:22 UTC] PHP Warning:  mysqli_connect(): (HY000/2002): php_network_getaddresses: getaddrinfo failed: Name or service not known in /home/ubuntu/workspace/InorbitMall/storescripts/connect_to_mysql.php on line 14
[04-Mar-2017 18:13:22 UTC] PHP Stack trace:
[04-Mar-2017 18:13:22 UTC] PHP   1. {main}() /home/ubuntu/workspace/InorbitMall/index.php:0
[04-Mar-2017 18:13:22 UTC] PHP   2. include() /home/ubuntu/workspace/InorbitMall/index.php:6
[04-Mar-2017 18:13:22 UTC] PHP   3. mysqli_connect() /home/ubuntu/workspace/InorbitMall/storescripts/connect_to_mysql.php:14
[04-Mar-2017 18:14:12 UTC] PHP Warning:  mysqli_connect(): php_network_getaddresses: getaddrinfo failed: Name or service not known in /home/ubuntu/workspace/InorbitMall/storescripts/connect_to_mysql.php on line 14
[04-Mar-2017 18:14:12 UTC] PHP Stack trace:
[04-Mar-2017 18:14:12 UTC] PHP   1. {main}() /home/ubuntu/workspace/InorbitMall/index.php:0
[04-Mar-2017 18:14:12 UTC] PHP   2. include() /home/ubuntu/workspace/InorbitMall/index.php:6
[04-Mar-2017 18:14:12 UTC] PHP   3. mysqli_connect() /home/ubuntu/workspace/InorbitMall/storescripts/connect_to_mysql.php:14
[04-Mar-2017 18:14:12 UTC] PHP Warning:  mysqli_connect(): (HY000/2002): php_network_getaddresses: getaddrinfo failed: Name or service not known in /home/ubuntu/workspace/InorbitMall/storescripts/connect_to_mysql.php on line 14
[04-Mar-2017 18:14:12 UTC] PHP Stack trace:
[04-Mar-2017 18:14:12 UTC] PHP   1. {main}() /home/ubuntu/workspace/InorbitMall/index.php:0
[04-Mar-2017 18:14:12 UTC] PHP   2. include() /home/ubuntu/workspace/InorbitMall/index.php:6
[04-Mar-2017 18:14:12 UTC] PHP   3. mysqli_connect() /home/ubuntu/workspace/InorbitMall/storescripts/connect_to_mysql.php:14
[04-Mar-2017 18:16:15 UTC] PHP Warning:  mysqli_connect(): php_network_getaddresses: getaddrinfo failed: Name or service not known in /home/ubuntu/workspace/InorbitMall/storescripts/connect_to_mysql.php on line 14
[04-Mar-2017 18:16:15 UTC] PHP Stack trace:
[04-Mar-2017 18:16:15 UTC] PHP   1. {main}() /home/ubuntu/workspace/InorbitMall/index.php:0
[04-Mar-2017 18:16:15 UTC] PHP   2. include() /home/ubuntu/workspace/InorbitMall/index.php:6
[04-Mar-2017 18:16:15 UTC] PHP   3. mysqli_connect() /home/ubuntu/workspace/InorbitMall/storescripts/connect_to_mysql.php:14
[04-Mar-2017 18:16:15 UTC] PHP Warning:  mysqli_connect(): (HY000/2002): php_network_getaddresses: getaddrinfo failed: Name or service not known in /home/ubuntu/workspace/InorbitMall/storescripts/connect_to_mysql.php on line 14
[04-Mar-2017 18:16:15 UTC] PHP Stack trace:
[04-Mar-2017 18:16:15 UTC] PHP   1. {main}() /home/ubuntu/workspace/InorbitMall/index.php:0
[04-Mar-2017 18:16:15 UTC] PHP   2. include() /home/ubuntu/workspace/InorbitMall/index.php:6
[04-Mar-2017 18:16:15 UTC] PHP   3. mysqli_connect() /home/ubuntu/workspace/InorbitMall/storescripts/connect_to_mysql.php:14
[04-Mar-2017 18:16:45 UTC] PHP Warning:  mysqli_connect(): php_network_getaddresses: getaddrinfo failed: Name or service not known in /home/ubuntu/workspace/InorbitMall/storescripts/connect_to_mysql.php on line 14
[04-Mar-2017 18:16:45 UTC] PHP Stack trace:
[04-Mar-2017 18:16:45 UTC] PHP   1. {main}() /home/ubuntu/workspace/InorbitMall/index.php:0
[04-Mar-2017 18:16:45 UTC] PHP   2. include() /home/ubuntu/workspace/InorbitMall/index.php:6
[04-Mar-2017 18:16:45 UTC] PHP   3. mysqli_connect() /home/ubuntu/workspace/InorbitMall/storescripts/connect_to_mysql.php:14
[04-Mar-2017 18:16:45 UTC] PHP Warning:  mysqli_connect(): (HY000/2002): php_network_getaddresses: getaddrinfo failed: Name or service not known in /home/ubuntu/workspace/InorbitMall/storescripts/connect_to_mysql.php on line 14
[04-Mar-2017 18:16:45 UTC] PHP Stack trace:
[04-Mar-2017 18:16:45 UTC] PHP   1. {main}() /home/ubuntu/workspace/InorbitMall/index.php:0
[04-Mar-2017 18:16:45 UTC] PHP   2. include() /home/ubuntu/workspace/InorbitMall/index.php:6
[04-Mar-2017 18:16:45 UTC] PHP   3. mysqli_connect() /home/ubuntu/workspace/InorbitMall/storescripts/connect_to_mysql.php:14
[04-Mar-2017 18:17:08 UTC] PHP Warning:  mysqli_connect(): php_network_getaddresses: getaddrinfo failed: Name or service not known in /home/ubuntu/workspace/InorbitMall/storescripts/connect_to_mysql.php on line 14
[04-Mar-2017 18:17:08 UTC] PHP Stack trace:
[04-Mar-2017 18:17:08 UTC] PHP   1. {main}() /home/ubuntu/workspace/InorbitMall/index.php:0
[04-Mar-2017 18:17:08 UTC] PHP   2. include() /home/ubuntu/workspace/InorbitMall/index.php:6
[04-Mar-2017 18:17:08 UTC] PHP   3. mysqli_connect() /home/ubuntu/workspace/InorbitMall/storescripts/connect_to_mysql.php:14
[04-Mar-2017 18:17:08 UTC] PHP Warning:  mysqli_connect(): (HY000/2002): php_network_getaddresses: getaddrinfo failed: Name or service not known in /home/ubuntu/workspace/InorbitMall/storescripts/connect_to_mysql.php on line 14
[04-Mar-2017 18:17:08 UTC] PHP Stack trace:
[04-Mar-2017 18:17:08 UTC] PHP   1. {main}() /home/ubuntu/workspace/InorbitMall/index.php:0
[04-Mar-2017 18:17:08 UTC] PHP   2. include() /home/ubuntu/workspace/InorbitMall/index.php:6
[04-Mar-2017 18:17:08 UTC] PHP   3. mysqli_connect() /home/ubuntu/workspace/InorbitMall/storescripts/connect_to_mysql.php:14
[04-Mar-2017 18:17:42 UTC] PHP Warning:  mysql_connect(): php_network_getaddresses: getaddrinfo failed: Name or service not known in /home/ubuntu/workspace/InorbitMall/storescripts/connect_to_mysql.php on line 10
[04-Mar-2017 18:17:42 UTC] PHP Stack trace:
[04-Mar-2017 18:17:42 UTC] PHP   1. {main}() /home/ubuntu/workspace/InorbitMall/index.php:0
[04-Mar-2017 18:17:42 UTC] PHP   2. include() /home/ubuntu/workspace/InorbitMall/index.php:6
[04-Mar-2017 18:17:42 UTC] PHP   3. mysql_connect() /home/ubuntu/workspace/InorbitMall/storescripts/connect_to_mysql.php:10
[04-Mar-2017 18:17:42 UTC] PHP Warning:  mysql_connect(): php_network_getaddresses: getaddrinfo failed: Name or service not known in /home/ubuntu/workspace/InorbitMall/storescripts/connect_to_mysql.php on line 10
[04-Mar-2017 18:17:42 UTC] PHP Stack trace:
[04-Mar-2017 18:17:42 UTC] PHP   1. {main}() /home/ubuntu/workspace/InorbitMall/index.php:0
[04-Mar-2017 18:17:42 UTC] PHP   2. include() /home/ubuntu/workspace/InorbitMall/index.php:6
[04-Mar-2017 18:17:42 UTC] PHP   3. mysql_connect() /home/ubuntu/workspace/InorbitMall/storescripts/connect_to_mysql.php:10
[04-Mar-2017 18:19:17 UTC] PHP Warning:  mysql_connect(): php_network_getaddresses: getaddrinfo failed: Name or service not known in /home/ubuntu/workspace/InorbitMall/storescripts/connect_to_mysql.php on line 10
[04-Mar-2017 18:19:17 UTC] PHP Stack trace:
[04-Mar-2017 18:19:17 UTC] PHP   1. {main}() /home/ubuntu/workspace/InorbitMall/index.php:0
[04-Mar-2017 18:19:17 UTC] PHP   2. include() /home/ubuntu/workspace/InorbitMall/index.php:6
[04-Mar-2017 18:19:17 UTC] PHP   3. mysql_connect() /home/ubuntu/workspace/InorbitMall/storescripts/connect_to_mysql.php:10
[04-Mar-2017 18:19:17 UTC] PHP Warning:  mysql_connect(): php_network_getaddresses: getaddrinfo failed: Name or service not known in /home/ubuntu/workspace/InorbitMall/storescripts/connect_to_mysql.php on line 10
[04-Mar-2017 18:19:17 UTC] PHP Stack trace:
[04-Mar-2017 18:19:17 UTC] PHP   1. {main}() /home/ubuntu/workspace/InorbitMall/index.php:0
[04-Mar-2017 18:19:17 UTC] PHP   2. include() /home/ubuntu/workspace/InorbitMall/index.php:6
[04-Mar-2017 18:19:17 UTC] PHP   3. mysql_connect() /home/ubuntu/workspace/InorbitMall/storescripts/connect_to_mysql.php:10
[04-Mar-2017 18:19:34 UTC] PHP Warning:  mysql_connect(): php_network_getaddresses: getaddrinfo failed: Name or service not known in /home/ubuntu/workspace/InorbitMall/storescripts/connect_to_mysql.php on line 10
[04-Mar-2017 18:19:34 UTC] PHP Stack trace:
[04-Mar-2017 18:19:34 UTC] PHP   1. {main}() /home/ubuntu/workspace/InorbitMall/index.php:0
[04-Mar-2017 18:19:34 UTC] PHP   2. include() /home/ubuntu/workspace/InorbitMall/index.php:6
[04-Mar-2017 18:19:34 UTC] PHP   3. mysql_connect() /home/ubuntu/workspace/InorbitMall/storescripts/connect_to_mysql.php:10
[04-Mar-2017 18:19:34 UTC] PHP Warning:  mysql_connect(): php_network_getaddresses: getaddrinfo failed: Name or service not known in /home/ubuntu/workspace/InorbitMall/storescripts/connect_to_mysql.php on line 10
[04-Mar-2017 18:19:34 UTC] PHP Stack trace:
[04-Mar-2017 18:19:34 UTC] PHP   1. {main}() /home/ubuntu/workspace/InorbitMall/index.php:0
[04-Mar-2017 18:19:34 UTC] PHP   2. include() /home/ubuntu/workspace/InorbitMall/index.php:6
[04-Mar-2017 18:19:34 UTC] PHP   3. mysql_connect() /home/ubuntu/workspace/InorbitMall/storescripts/connect_to_mysql.php:10
[04-Mar-2017 18:19:44 UTC] PHP Warning:  mysql_connect(): php_network_getaddresses: getaddrinfo failed: Name or service not known in /home/ubuntu/workspace/InorbitMall/storescripts/connect_to_mysql.php on line 10
[04-Mar-2017 18:19:44 UTC] PHP Stack trace:
[04-Mar-2017 18:19:44 UTC] PHP   1. {main}() /home/ubuntu/workspace/InorbitMall/index.php:0
[04-Mar-2017 18:19:44 UTC] PHP   2. include() /home/ubuntu/workspace/InorbitMall/index.php:6
[04-Mar-2017 18:19:44 UTC] PHP   3. mysql_connect() /home/ubuntu/workspace/InorbitMall/storescripts/connect_to_mysql.php:10
[04-Mar-2017 18:19:44 UTC] PHP Warning:  mysql_connect(): php_network_getaddresses: getaddrinfo failed: Name or service not known in /home/ubuntu/workspace/InorbitMall/storescripts/connect_to_mysql.php on line 10
[04-Mar-2017 18:19:44 UTC] PHP Stack trace:
[04-Mar-2017 18:19:44 UTC] PHP   1. {main}() /home/ubuntu/workspace/InorbitMall/index.php:0
[04-Mar-2017 18:19:44 UTC] PHP   2. include() /home/ubuntu/workspace/InorbitMall/index.php:6
[04-Mar-2017 18:19:44 UTC] PHP   3. mysql_connect() /home/ubuntu/workspace/InorbitMall/storescripts/connect_to_mysql.php:10
[04-Mar-2017 18:21:51 UTC] PHP Warning:  mysql_connect(): php_network_getaddresses: getaddrinfo failed: Name or service not known in /home/ubuntu/workspace/InorbitMall/storescripts/connect_to_mysql.php on line 10
[04-Mar-2017 18:21:51 UTC] PHP Stack trace:
[04-Mar-2017 18:21:51 UTC] PHP   1. {main}() /home/ubuntu/workspace/InorbitMall/index.php:0
[04-Mar-2017 18:21:51 UTC] PHP   2. include() /home/ubuntu/workspace/InorbitMall/index.php:6
[04-Mar-2017 18:21:51 UTC] PHP   3. mysql_connect() /home/ubuntu/workspace/InorbitMall/storescripts/connect_to_mysql.php:10
[04-Mar-2017 18:21:51 UTC] PHP Warning:  mysql_connect(): php_network_getaddresses: getaddrinfo failed: Name or service not known in /home/ubuntu/workspace/InorbitMall/storescripts/connect_to_mysql.php on line 10
[04-Mar-2017 18:21:51 UTC] PHP Stack trace:
[04-Mar-2017 18:21:51 UTC] PHP   1. {main}() /home/ubuntu/workspace/InorbitMall/index.php:0
[04-Mar-2017 18:21:51 UTC] PHP   2. include() /home/ubuntu/workspace/InorbitMall/index.php:6
[04-Mar-2017 18:21:51 UTC] PHP   3. mysql_connect() /home/ubuntu/workspace/InorbitMall/storescripts/connect_to_mysql.php:10
[04-Mar-2017 18:21:55 UTC] PHP Warning:  mysql_connect(): php_network_getaddresses: getaddrinfo failed: Name or service not known in /home/ubuntu/workspace/InorbitMall/storescripts/connect_to_mysql.php on line 10
[04-Mar-2017 18:21:55 UTC] PHP Stack trace:
[04-Mar-2017 18:21:55 UTC] PHP   1. {main}() /home/ubuntu/workspace/InorbitMall/index.php:0
[04-Mar-2017 18:21:55 UTC] PHP   2. include() /home/ubuntu/workspace/InorbitMall/index.php:6
[04-Mar-2017 18:21:55 UTC] PHP   3. mysql_connect() /home/ubuntu/workspace/InorbitMall/storescripts/connect_to_mysql.php:10
[04-Mar-2017 18:21:55 UTC] PHP Warning:  mysql_connect(): php_network_getaddresses: getaddrinfo failed: Name or service not known in /home/ubuntu/workspace/InorbitMall/storescripts/connect_to_mysql.php on line 10
[04-Mar-2017 18:21:55 UTC] PHP Stack trace:
[04-Mar-2017 18:21:55 UTC] PHP   1. {main}() /home/ubuntu/workspace/InorbitMall/index.php:0
[04-Mar-2017 18:21:55 UTC] PHP   2. include() /home/ubuntu/workspace/InorbitMall/index.php:6
[04-Mar-2017 18:21:55 UTC] PHP   3. mysql_connect() /home/ubuntu/workspace/InorbitMall/storescripts/connect_to_mysql.php:10
[04-Mar-2017 18:24:15 UTC] PHP Warning:  mysql_connect(): php_network_getaddresses: getaddrinfo failed: Name or service not known in /home/ubuntu/workspace/InorbitMall/storescripts/connect_to_mysql.php on line 10
[04-Mar-2017 18:24:15 UTC] PHP Stack trace:
[04-Mar-2017 18:24:15 UTC] PHP   1. {main}() /home/ubuntu/workspace/InorbitMall/index.php:0
[04-Mar-2017 18:24:15 UTC] PHP   2. include() /home/ubuntu/workspace/InorbitMall/index.php:6
[04-Mar-2017 18:24:15 UTC] PHP   3. mysql_connect() /home/ubuntu/workspace/InorbitMall/storescripts/connect_to_mysql.php:10
[04-Mar-2017 18:24:15 UTC] PHP Warning:  mysql_connect(): php_network_getaddresses: getaddrinfo failed: Name or service not known in /home/ubuntu/workspace/InorbitMall/storescripts/connect_to_mysql.php on line 10
[04-Mar-2017 18:24:15 UTC] PHP Stack trace:
[04-Mar-2017 18:24:15 UTC] PHP   1. {main}() /home/ubuntu/workspace/InorbitMall/index.php:0
[04-Mar-2017 18:24:15 UTC] PHP   2. include() /home/ubuntu/workspace/InorbitMall/index.php:6
[04-Mar-2017 18:24:15 UTC] PHP   3. mysql_connect() /home/ubuntu/workspace/InorbitMall/storescripts/connect_to_mysql.php:10
[04-Mar-2017 18:25:14 UTC] PHP Warning:  mysql_connect(): php_network_getaddresses: getaddrinfo failed: Name or service not known in /home/ubuntu/workspace/InorbitMall/storescripts/connect_to_mysql.php on line 10
[04-Mar-2017 18:25:14 UTC] PHP Stack trace:
[04-Mar-2017 18:25:14 UTC] PHP   1. {main}() /home/ubuntu/workspace/InorbitMall/index.php:0
[04-Mar-2017 18:25:14 UTC] PHP   2. include() /home/ubuntu/workspace/InorbitMall/index.php:6
[04-Mar-2017 18:25:14 UTC] PHP   3. mysql_connect() /home/ubuntu/workspace/InorbitMall/storescripts/connect_to_mysql.php:10
[04-Mar-2017 18:25:14 UTC] PHP Warning:  mysql_connect(): php_network_getaddresses: getaddrinfo failed: Name or service not known in /home/ubuntu/workspace/InorbitMall/storescripts/connect_to_mysql.php on line 10
[04-Mar-2017 18:25:14 UTC] PHP Stack trace:
[04-Mar-2017 18:25:14 UTC] PHP   1. {main}() /home/ubuntu/workspace/InorbitMall/index.php:0
[04-Mar-2017 18:25:14 UTC] PHP   2. include() /home/ubuntu/workspace/InorbitMall/index.php:6
[04-Mar-2017 18:25:14 UTC] PHP   3. mysql_connect() /home/ubuntu/workspace/InorbitMall/storescripts/connect_to_mysql.php:10
